2017-06-26 13:21:25,636 DEBUG [net.java_school.bank.BankUi.main()] n.j.b.ShinhanBankDao [ShinhanBankDao.java:209] AccountNo:505 Amount:500 DEPOSIT/WITHDRAW:입금
2017-06-26 14:00:50,483 DEBUG [net.java_school.bank.BankUi.main()] n.j.b.ShinhanBankDao [ShinhanBankDao.java:236] AccountNo:505 Amount:5000 DEPOSIT/WITHDRAW:입금
2019-06-27 13:44:08,114 DEBUG [net.java_school.bank.BankUi.main()] o.s.c.a.AnnotationConfigApplicationContext [AbstractApplicationContext.java:594] Refreshing org.springframework.context.annotation.AnnotationConfigApplicationContext@4548fa45
2019-06-27 13:44:08,202 DEBUG [net.java_school.bank.BankUi.main()] o.s.b.f.s.DefaultListableBeanFactory [DefaultSingletonBeanRegistry.java:213] Creating shared instance of singleton bean 'org.springframework.context.annotation.internalConfigurationAnnotationProcessor'
2019-06-27 13:44:08,601 DEBUG [net.java_school.bank.BankUi.main()] o.s.b.f.s.DefaultListableBeanFactory [DefaultSingletonBeanRegistry.java:213] Creating shared instance of singleton bean 'org.springframework.context.event.internalEventListenerProcessor'
2019-06-27 13:44:08,606 DEBUG [net.java_school.bank.BankUi.main()] o.s.b.f.s.DefaultListableBeanFactory [DefaultSingletonBeanRegistry.java:213] Creating shared instance of singleton bean 'org.springframework.context.event.internalEventListenerFactory'
2019-06-27 13:44:08,610 DEBUG [net.java_school.bank.BankUi.main()] o.s.b.f.s.DefaultListableBeanFactory [DefaultSingletonBeanRegistry.java:213] Creating shared instance of singleton bean 'org.springframework.context.annotation.internalAutowiredAnnotationProcessor'
2019-06-27 13:44:08,620 DEBUG [net.java_school.bank.BankUi.main()] o.s.b.f.s.DefaultListableBeanFactory [DefaultSingletonBeanRegistry.java:213] Creating shared instance of singleton bean 'bankConfig'
2019-06-27 13:44:08,645 DEBUG [net.java_school.bank.BankUi.main()] o.s.b.f.s.DefaultListableBeanFactory [DefaultSingletonBeanRegistry.java:213] Creating shared instance of singleton bean 'shinhanBankDao'
2019-06-27 13:44:09,457 DEBUG [net.java_school.bank.BankUi.main()] o.s.b.f.s.DefaultListableBeanFactory [DefaultSingletonBeanRegistry.java:213] Creating shared instance of singleton bean 'shinhanBank'
2019-06-27 13:44:09,463 DEBUG [net.java_school.bank.BankUi.main()] o.s.b.f.s.DefaultListableBeanFactory [DefaultSingletonBeanRegistry.java:213] Creating shared instance of singleton bean 'bankUi'
2019-06-27 13:44:35,807 DEBUG [net.java_school.bank.BankUi.main()] o.s.c.a.AnnotationConfigApplicationContext [AbstractApplicationContext.java:1002] Closing org.springframework.context.annotation.AnnotationConfigApplicationContext@4548fa45, started on Thu Jun 27 13:44:08 KST 2019
2020-12-24 11:36:56,736 DEBUG [net.java_school.bank.BankUi.main()] o.s.c.a.AnnotationConfigApplicationContext [AbstractApplicationContext.java:594] Refreshing org.springframework.context.annotation.AnnotationConfigApplicationContext@7184cd32
2020-12-24 11:36:56,787 DEBUG [net.java_school.bank.BankUi.main()] o.s.b.f.s.DefaultListableBeanFactory [DefaultSingletonBeanRegistry.java:213] Creating shared instance of singleton bean 'org.springframework.context.annotation.internalConfigurationAnnotationProcessor'
2020-12-24 11:36:57,141 DEBUG [net.java_school.bank.BankUi.main()] o.s.b.f.s.DefaultListableBeanFactory [DefaultSingletonBeanRegistry.java:213] Creating shared instance of singleton bean 'org.springframework.context.event.internalEventListenerProcessor'
2020-12-24 11:36:57,146 DEBUG [net.java_school.bank.BankUi.main()] o.s.b.f.s.DefaultListableBeanFactory [DefaultSingletonBeanRegistry.java:213] Creating shared instance of singleton bean 'org.springframework.context.event.internalEventListenerFactory'
2020-12-24 11:36:57,151 DEBUG [net.java_school.bank.BankUi.main()] o.s.b.f.s.DefaultListableBeanFactory [DefaultSingletonBeanRegistry.java:213] Creating shared instance of singleton bean 'org.springframework.context.annotation.internalAutowiredAnnotationProcessor'
2020-12-24 11:36:57,163 DEBUG [net.java_school.bank.BankUi.main()] o.s.b.f.s.DefaultListableBeanFactory [DefaultSingletonBeanRegistry.java:213] Creating shared instance of singleton bean 'bankConfig'
2020-12-24 11:36:57,190 DEBUG [net.java_school.bank.BankUi.main()] o.s.b.f.s.DefaultListableBeanFactory [DefaultSingletonBeanRegistry.java:213] Creating shared instance of singleton bean 'shinhanBankDao'
2020-12-24 11:36:57,996 DEBUG [net.java_school.bank.BankUi.main()] o.s.b.f.s.DefaultListableBeanFactory [DefaultSingletonBeanRegistry.java:213] Creating shared instance of singleton bean 'shinhanBank'
2020-12-24 11:36:58,017 DEBUG [net.java_school.bank.BankUi.main()] o.s.b.f.s.DefaultListableBeanFactory [DefaultSingletonBeanRegistry.java:213] Creating shared instance of singleton bean 'bankUi'
2020-12-24 11:37:26,943 DEBUG [net.java_school.bank.BankUi.main()] n.j.b.MyBankDao [MyBankDao.java:204] AccountNo:5 Amount:5.0 DEPOSIT/WITHDRAW:DEPOSIT
2020-12-24 11:37:53,453 DEBUG [net.java_school.bank.BankUi.main()] n.j.b.MyBankDao [MyBankDao.java:204] AccountNo:101 Amount:5.0 DEPOSIT/WITHDRAW:DEPOSIT
2020-12-24 11:38:35,837 DEBUG [net.java_school.bank.BankUi.main()] o.s.c.a.AnnotationConfigApplicationContext [AbstractApplicationContext.java:1002] Closing org.springframework.context.annotation.AnnotationConfigApplicationContext@7184cd32, started on Thu Dec 24 11:36:56 KST 2020
2020-12-24 11:45:55,120 DEBUG [net.java_school.bank.BankUi.main()] o.s.c.a.AnnotationConfigApplicationContext [AbstractApplicationContext.java:634] Refreshing org.springframework.context.annotation.AnnotationConfigApplicationContext@79e3b24b
2020-12-24 11:45:55,256 DEBUG [net.java_school.bank.BankUi.main()] o.s.b.f.s.DefaultListableBeanFactory [DefaultSingletonBeanRegistry.java:225] Creating shared instance of singleton bean 'org.springframework.context.annotation.internalConfigurationAnnotationProcessor'
2020-12-24 11:45:55,601 DEBUG [net.java_school.bank.BankUi.main()] o.s.b.f.s.DefaultListableBeanFactory [DefaultSingletonBeanRegistry.java:225] Creating shared instance of singleton bean 'org.springframework.context.event.internalEventListenerProcessor'
2020-12-24 11:45:55,607 DEBUG [net.java_school.bank.BankUi.main()] o.s.b.f.s.DefaultListableBeanFactory [DefaultSingletonBeanRegistry.java:225] Creating shared instance of singleton bean 'org.springframework.context.event.internalEventListenerFactory'
2020-12-24 11:45:55,611 DEBUG [net.java_school.bank.BankUi.main()] o.s.b.f.s.DefaultListableBeanFactory [DefaultSingletonBeanRegistry.java:225] Creating shared instance of singleton bean 'org.springframework.context.annotation.internalAutowiredAnnotationProcessor'
2020-12-24 11:45:55,625 DEBUG [net.java_school.bank.BankUi.main()] o.s.b.f.s.DefaultListableBeanFactory [DefaultSingletonBeanRegistry.java:225] Creating shared instance of singleton bean 'bankConfig'
2020-12-24 11:45:55,637 DEBUG [net.java_school.bank.BankUi.main()] o.s.b.f.s.DefaultListableBeanFactory [DefaultSingletonBeanRegistry.java:225] Creating shared instance of singleton bean 'shinhanBankDao'
2020-12-24 11:45:56,505 DEBUG [net.java_school.bank.BankUi.main()] o.s.b.f.s.DefaultListableBeanFactory [DefaultSingletonBeanRegistry.java:225] Creating shared instance of singleton bean 'shinhanBank'
2020-12-24 11:45:56,509 DEBUG [net.java_school.bank.BankUi.main()] o.s.b.f.s.DefaultListableBeanFactory [DefaultSingletonBeanRegistry.java:225] Creating shared instance of singleton bean 'bankUi'
2020-12-24 11:46:10,291 DEBUG [net.java_school.bank.BankUi.main()] n.j.b.MyBankDao [MyBankDao.java:231] AccountNo:101 Amount:2.5 DEPOSIT/WITHDRAW:DEPOSIT
2020-12-24 11:48:24,837 DEBUG [net.java_school.bank.BankUi.main()] n.j.b.MyBankDao [MyBankDao.java:204] AccountNo:2.5 Amount:202.0 DEPOSIT/WITHDRAW:DEPOSIT
2020-12-24 11:49:04,014 DEBUG [net.java_school.bank.BankUi.main()] n.j.b.MyBankDao [MyBankDao.java:231] AccountNo:101 Amount:2.5 DEPOSIT/WITHDRAW:DEPOSIT
2020-12-24 11:49:04,076 DEBUG [net.java_school.bank.BankUi.main()] n.j.b.MyBankDao [MyBankDao.java:204] AccountNo:202 Amount:2.5 DEPOSIT/WITHDRAW:DEPOSIT
2020-12-24 11:49:20,264 DEBUG [net.java_school.bank.BankUi.main()] o.s.c.a.AnnotationConfigApplicationContext [AbstractApplicationContext.java:1054] Closing org.springframework.context.annotation.AnnotationConfigApplicationContext@79e3b24b, started on Thu Dec 24 11:45:55 KST 2020
2020-12-24 13:52:33,436 DEBUG [net.java_school.bank.BankUi.main()] o.s.c.a.AnnotationConfigApplicationContext [AbstractApplicationContext.java:634] Refreshing org.springframework.context.annotation.AnnotationConfigApplicationContext@2a219b5
2020-12-24 13:52:33,549 DEBUG [net.java_school.bank.BankUi.main()] o.s.b.f.s.DefaultListableBeanFactory [DefaultSingletonBeanRegistry.java:225] Creating shared instance of singleton bean 'org.springframework.context.annotation.internalConfigurationAnnotationProcessor'
2020-12-24 13:52:34,139 DEBUG [net.java_school.bank.BankUi.main()] o.s.b.f.s.DefaultListableBeanFactory [DefaultSingletonBeanRegistry.java:225] Creating shared instance of singleton bean 'org.springframework.context.event.internalEventListenerProcessor'
2020-12-24 13:52:34,146 DEBUG [net.java_school.bank.BankUi.main()] o.s.b.f.s.DefaultListableBeanFactory [DefaultSingletonBeanRegistry.java:225] Creating shared instance of singleton bean 'org.springframework.context.event.internalEventListenerFactory'
2020-12-24 13:52:34,149 DEBUG [net.java_school.bank.BankUi.main()] o.s.b.f.s.DefaultListableBeanFactory [DefaultSingletonBeanRegistry.java:225] Creating shared instance of singleton bean 'org.springframework.context.annotation.internalAutowiredAnnotationProcessor'
2020-12-24 13:52:34,192 DEBUG [net.java_school.bank.BankUi.main()] o.s.b.f.s.DefaultListableBeanFactory [DefaultSingletonBeanRegistry.java:225] Creating shared instance of singleton bean 'bankConfig'
2020-12-24 13:52:34,225 DEBUG [net.java_school.bank.BankUi.main()] o.s.b.f.s.DefaultListableBeanFactory [DefaultSingletonBeanRegistry.java:225] Creating shared instance of singleton bean 'myBankDao'
2020-12-24 13:52:35,346 DEBUG [net.java_school.bank.BankUi.main()] o.s.b.f.s.DefaultListableBeanFactory [DefaultSingletonBeanRegistry.java:225] Creating shared instance of singleton bean 'myBank'
2020-12-24 13:52:35,364 DEBUG [net.java_school.bank.BankUi.main()] o.s.b.f.s.DefaultListableBeanFactory [DefaultSingletonBeanRegistry.java:225] Creating shared instance of singleton bean 'bankUi'
2020-12-24 13:52:48,049 DEBUG [net.java_school.bank.BankUi.main()] o.s.c.a.AnnotationConfigApplicationContext [AbstractApplicationContext.java:1054] Closing org.springframework.context.annotation.AnnotationConfigApplicationContext@2a219b5, started on Thu Dec 24 13:52:33 KST 2020
2020-12-24 13:55:36,046 DEBUG [net.java_school.bank.BankUi.main()] o.s.c.a.AnnotationConfigApplicationContext [AbstractApplicationContext.java:634] Refreshing org.springframework.context.annotation.AnnotationConfigApplicationContext@5fa04e98
2020-12-24 13:55:36,212 DEBUG [net.java_school.bank.BankUi.main()] o.s.b.f.s.DefaultListableBeanFactory [DefaultSingletonBeanRegistry.java:225] Creating shared instance of singleton bean 'org.springframework.context.annotation.internalConfigurationAnnotationProcessor'
2020-12-24 13:55:36,648 DEBUG [net.java_school.bank.BankUi.main()] o.s.b.f.s.DefaultListableBeanFactory [DefaultSingletonBeanRegistry.java:225] Creating shared instance of singleton bean 'org.springframework.context.event.internalEventListenerProcessor'
2020-12-24 13:55:36,653 DEBUG [net.java_school.bank.BankUi.main()] o.s.b.f.s.DefaultListableBeanFactory [DefaultSingletonBeanRegistry.java:225] Creating shared instance of singleton bean 'org.springframework.context.event.internalEventListenerFactory'
2020-12-24 13:55:36,666 DEBUG [net.java_school.bank.BankUi.main()] o.s.b.f.s.DefaultListableBeanFactory [DefaultSingletonBeanRegistry.java:225] Creating shared instance of singleton bean 'org.springframework.context.annotation.internalAutowiredAnnotationProcessor'
2020-12-24 13:55:36,705 DEBUG [net.java_school.bank.BankUi.main()] o.s.b.f.s.DefaultListableBeanFactory [DefaultSingletonBeanRegistry.java:225] Creating shared instance of singleton bean 'bankConfig'
2020-12-24 13:55:36,729 DEBUG [net.java_school.bank.BankUi.main()] o.s.b.f.s.DefaultListableBeanFactory [DefaultSingletonBeanRegistry.java:225] Creating shared instance of singleton bean 'myBankDao'
2020-12-24 13:55:37,274 DEBUG [net.java_school.bank.BankUi.main()] o.s.b.f.s.DefaultListableBeanFactory [DefaultSingletonBeanRegistry.java:225] Creating shared instance of singleton bean 'myBank'
2020-12-24 13:55:37,282 DEBUG [net.java_school.bank.BankUi.main()] o.s.b.f.s.DefaultListableBeanFactory [DefaultSingletonBeanRegistry.java:225] Creating shared instance of singleton bean 'bankUi'
2020-12-24 13:55:49,382 DEBUG [net.java_school.bank.BankUi.main()] n.j.b.MyBankDao [MyBankDao.java:204] AccountNo:101 Amount:2.5 DEPOSIT/WITHDRAW:DEPOSIT
2020-12-24 13:56:01,631 DEBUG [net.java_school.bank.BankUi.main()] n.j.b.MyBankDao [MyBankDao.java:204] AccountNo:101 Amount:0.2 DEPOSIT/WITHDRAW:DEPOSIT
2020-12-24 13:56:33,314 DEBUG [net.java_school.bank.BankUi.main()] n.j.b.MyBankDao [MyBankDao.java:231] AccountNo:101 Amount:0.4 DEPOSIT/WITHDRAW:DEPOSIT
2020-12-24 13:56:39,949 DEBUG [net.java_school.bank.BankUi.main()] o.s.c.a.AnnotationConfigApplicationContext [AbstractApplicationContext.java:1054] Closing org.springframework.context.annotation.AnnotationConfigApplicationContext@5fa04e98, started on Thu Dec 24 13:55:36 KST 2020
2021-09-06 10:00:00,233 DEBUG [net.java_school.bank.BankUi.main()] o.s.c.a.AnnotationConfigApplicationContext [AbstractApplicationContext.java:629] Refreshing org.springframework.context.annotation.AnnotationConfigApplicationContext@428ade48
2021-09-06 10:00:00,393 DEBUG [net.java_school.bank.BankUi.main()] o.s.b.f.s.DefaultListableBeanFactory [DefaultSingletonBeanRegistry.java:225] Creating shared instance of singleton bean 'org.springframework.context.annotation.internalConfigurationAnnotationProcessor'
2021-09-06 10:00:00,754 DEBUG [net.java_school.bank.BankUi.main()] o.s.b.f.s.DefaultListableBeanFactory [DefaultSingletonBeanRegistry.java:225] Creating shared instance of singleton bean 'org.springframework.context.event.internalEventListenerProcessor'
2021-09-06 10:00:00,758 DEBUG [net.java_school.bank.BankUi.main()] o.s.b.f.s.DefaultListableBeanFactory [DefaultSingletonBeanRegistry.java:225] Creating shared instance of singleton bean 'org.springframework.context.event.internalEventListenerFactory'
2021-09-06 10:00:00,761 DEBUG [net.java_school.bank.BankUi.main()] o.s.b.f.s.DefaultListableBeanFactory [DefaultSingletonBeanRegistry.java:225] Creating shared instance of singleton bean 'org.springframework.context.annotation.internalAutowiredAnnotationProcessor'
2021-09-06 10:00:00,771 DEBUG [net.java_school.bank.BankUi.main()] o.s.b.f.s.DefaultListableBeanFactory [DefaultSingletonBeanRegistry.java:225] Creating shared instance of singleton bean 'bankConfig'
2021-09-06 10:00:00,779 DEBUG [net.java_school.bank.BankUi.main()] o.s.b.f.s.DefaultListableBeanFactory [DefaultSingletonBeanRegistry.java:225] Creating shared instance of singleton bean 'myBankDao'
2021-09-06 10:00:01,576 DEBUG [net.java_school.bank.BankUi.main()] o.s.b.f.s.DefaultListableBeanFactory [DefaultSingletonBeanRegistry.java:225] Creating shared instance of singleton bean 'myBank'
2021-09-06 10:00:01,585 DEBUG [net.java_school.bank.BankUi.main()] o.s.b.f.s.DefaultListableBeanFactory [DefaultSingletonBeanRegistry.java:225] Creating shared instance of singleton bean 'bankUi'
2021-09-06 10:00:26,867 DEBUG [net.java_school.bank.BankUi.main()] n.j.b.MyBankDao [MyBankDao.java:231] AccountNo:202 Amount:1.5 DEPOSIT/WITHDRAW:DEPOSIT
2021-09-06 10:00:34,148 DEBUG [net.java_school.bank.BankUi.main()] o.s.c.a.AnnotationConfigApplicationContext [AbstractApplicationContext.java:1049] Closing org.springframework.context.annotation.AnnotationConfigApplicationContext@428ade48, started on Mon Sep 06 10:00:00 KST 2021
2023-02-17 09:38:48,683 DEBUG [net.java_school.bank.BankUi.main()] o.s.c.a.AnnotationConfigApplicationContext [AbstractApplicationContext.java:630] Refreshing org.springframework.context.annotation.AnnotationConfigApplicationContext@56d21c57
2023-02-17 09:38:48,773 DEBUG [net.java_school.bank.BankUi.main()] o.s.b.f.s.DefaultListableBeanFactory [DefaultSingletonBeanRegistry.java:225] Creating shared instance of singleton bean 'org.springframework.context.annotation.internalConfigurationAnnotationProcessor'
2023-02-17 09:38:49,281 DEBUG [net.java_school.bank.BankUi.main()] o.s.b.f.s.DefaultListableBeanFactory [DefaultSingletonBeanRegistry.java:225] Creating shared instance of singleton bean 'org.springframework.context.event.internalEventListenerProcessor'
2023-02-17 09:38:49,288 DEBUG [net.java_school.bank.BankUi.main()] o.s.b.f.s.DefaultListableBeanFactory [DefaultSingletonBeanRegistry.java:225] Creating shared instance of singleton bean 'org.springframework.context.event.internalEventListenerFactory'
2023-02-17 09:38:49,301 DEBUG [net.java_school.bank.BankUi.main()] o.s.b.f.s.DefaultListableBeanFactory [DefaultSingletonBeanRegistry.java:225] Creating shared instance of singleton bean 'org.springframework.context.annotation.internalAutowiredAnnotationProcessor'
2023-02-17 09:38:49,323 DEBUG [net.java_school.bank.BankUi.main()] o.s.b.f.s.DefaultListableBeanFactory [DefaultSingletonBeanRegistry.java:225] Creating shared instance of singleton bean 'bankConfig'
2023-02-17 09:38:49,334 DEBUG [net.java_school.bank.BankUi.main()] o.s.b.f.s.DefaultListableBeanFactory [DefaultSingletonBeanRegistry.java:225] Creating shared instance of singleton bean 'myBankDao'
2023-02-17 09:38:50,212 DEBUG [net.java_school.bank.BankUi.main()] o.s.b.f.s.DefaultListableBeanFactory [DefaultSingletonBeanRegistry.java:225] Creating shared instance of singleton bean 'myBank'
2023-02-17 09:38:50,218 DEBUG [net.java_school.bank.BankUi.main()] o.s.b.f.s.DefaultListableBeanFactory [DefaultSingletonBeanRegistry.java:225] Creating shared instance of singleton bean 'bankUi'
2023-02-17 09:38:57,987 DEBUG [net.java_school.bank.BankUi.main()] o.s.c.a.AnnotationConfigApplicationContext [AbstractApplicationContext.java:1031] Closing org.springframework.context.annotation.AnnotationConfigApplicationContext@56d21c57, started on Fri Feb 17 09:38:48 KST 2023
